0 info it worked if it ends with ok
1 verbose cli [ 'node', '/usr/local/bin/npm', 'install', '-g', 'ios', 'deploy' ]
2 info using npm@2.5.1
3 info using node@v0.12.0
4 silly cache add args [ 'ios', null ]
5 verbose cache add spec ios
6 silly cache add args [ 'deploy', null ]
7 verbose cache add spec deploy
8 silly cache add parsed spec { raw: 'ios',
8 silly cache add   scope: null,
8 silly cache add   name: 'ios',
8 silly cache add   rawSpec: '',
8 silly cache add   spec: '*',
8 silly cache add   type: 'range' }
9 verbose addNamed ios@*
10 silly addNamed semver.valid null
11 silly addNamed semver.validRange *
12 silly addNameRange { name: 'ios', range: '*', hasData: false }
13 silly mapToRegistry name ios
14 silly mapToRegistry using default registry
15 silly mapToRegistry registry https://registry.npmjs.org/
16 silly mapToRegistry uri https://registry.npmjs.org/ios
17 verbose addNameRange registry:https://registry.npmjs.org/ios not in flight; fetching
18 silly cache add parsed spec { raw: 'deploy',
18 silly cache add   scope: null,
18 silly cache add   name: 'deploy',
18 silly cache add   rawSpec: '',
18 silly cache add   spec: '*',
18 silly cache add   type: 'range' }
19 verbose addNamed deploy@*
20 silly addNamed semver.valid null
21 silly addNamed semver.validRange *
22 silly addNameRange { name: 'deploy', range: '*', hasData: false }
23 silly mapToRegistry name deploy
24 silly mapToRegistry using default registry
25 silly mapToRegistry registry https://registry.npmjs.org/
26 silly mapToRegistry uri https://registry.npmjs.org/deploy
27 verbose addNameRange registry:https://registry.npmjs.org/deploy not in flight; fetching
28 verbose request uri https://registry.npmjs.org/ios
29 verbose request no auth needed
30 info attempt registry request try #1 at 11:26:15 AM
31 verbose request id b7350a9e8154ab13
32 http request GET https://registry.npmjs.org/ios
33 verbose request uri https://registry.npmjs.org/deploy
34 verbose request no auth needed
35 info attempt registry request try #1 at 11:26:15 AM
36 http request GET https://registry.npmjs.org/deploy
37 http 200 https://registry.npmjs.org/deploy
38 silly get cb [ 200,
38 silly get   { date: 'Sat, 07 Mar 2015 16:26:16 GMT',
38 silly get     server: 'CouchDB/1.5.0 (Erlang OTP/R16B03)',
38 silly get     etag: '"DGAUH5WRD0OSOI3NR9M5X7S5O"',
38 silly get     'content-type': 'application/json',
38 silly get     'cache-control': 'max-age=60',
38 silly get     'content-length': '4383',
38 silly get     'accept-ranges': 'bytes',
38 silly get     via: '1.1 varnish',
38 silly get     age: '0',
38 silly get     'x-served-by': 'cache-atl6234-ATL',
38 silly get     'x-cache': 'MISS',
38 silly get     'x-cache-hits': '0',
38 silly get     'x-timer': 'S1425745576.910226,VS0,VE25',
38 silly get     vary: 'Accept',
38 silly get     'keep-alive': 'timeout=10, max=50',
38 silly get     connection: 'Keep-Alive' } ]
39 verbose get saving deploy to /Users/Liz/.npm/registry.npmjs.org/deploy/.cache.json
40 silly addNameRange number 2 { name: 'deploy', range: '*', hasData: true }
41 silly addNameRange versions [ 'deploy', [ '1.0.3' ] ]
42 verbose addNamed deploy@1.0.3
43 silly addNamed semver.valid 1.0.3
44 silly addNamed semver.validRange 1.0.3
45 silly mapToRegistry name deploy
46 silly mapToRegistry using default registry
47 silly mapToRegistry registry https://registry.npmjs.org/
48 silly mapToRegistry uri https://registry.npmjs.org/deploy
49 verbose addRemoteTarball https://registry.npmjs.org/deploy/-/deploy-1.0.3.tgz not in flight; adding
50 verbose addRemoteTarball [ 'https://registry.npmjs.org/deploy/-/deploy-1.0.3.tgz',
50 verbose addRemoteTarball   'ab846f5e228610054556d9b73df0b2f45af84fb0' ]
51 info retry fetch attempt 1 at 11:26:16 AM
52 info attempt registry request try #1 at 11:26:16 AM
53 http fetch GET https://registry.npmjs.org/deploy/-/deploy-1.0.3.tgz
54 http 200 https://registry.npmjs.org/ios
55 silly get cb [ 200,
55 silly get   { date: 'Sat, 07 Mar 2015 16:26:17 GMT',
55 silly get     server: 'CouchDB/1.5.0 (Erlang OTP/R16B03)',
55 silly get     etag: '"EMCB1RDOMWH7TQYYYEM20KWKL"',
55 silly get     'content-type': 'application/json',
55 silly get     'cache-control': 'max-age=60',
55 silly get     'content-length': '1060',
55 silly get     'accept-ranges': 'bytes',
55 silly get     via: '1.1 varnish',
55 silly get     age: '0',
55 silly get     'x-served-by': 'cache-atl6224-ATL',
55 silly get     'x-cache': 'MISS',
55 silly get     'x-cache-hits': '0',
55 silly get     'x-timer': 'S1425745576.904947,VS0,VE112',
55 silly get     vary: 'Accept',
55 silly get     'keep-alive': 'timeout=10, max=50',
55 silly get     connection: 'Keep-Alive' } ]
56 verbose get saving ios to /Users/Liz/.npm/registry.npmjs.org/ios/.cache.json
57 silly addNameRange number 2 { name: 'ios', range: '*', hasData: true }
58 silly addNameRange versions [ 'ios', [ '0.0.1' ] ]
59 verbose addNamed ios@0.0.1
60 silly addNamed semver.valid 0.0.1
61 silly addNamed semver.validRange 0.0.1
62 silly mapToRegistry name ios
63 silly mapToRegistry using default registry
64 silly mapToRegistry registry https://registry.npmjs.org/
65 silly mapToRegistry uri https://registry.npmjs.org/ios
66 verbose addRemoteTarball https://registry.npmjs.org/ios/-/ios-0.0.1.tgz not in flight; adding
67 verbose addRemoteTarball [ 'https://registry.npmjs.org/ios/-/ios-0.0.1.tgz',
67 verbose addRemoteTarball   '4c6f774d8b0c2e9bb53c3411a6cdf00ac51dd92d' ]
68 info retry fetch attempt 1 at 11:26:17 AM
69 info attempt registry request try #1 at 11:26:17 AM
70 http fetch GET https://registry.npmjs.org/ios/-/ios-0.0.1.tgz
71 http fetch 200 https://registry.npmjs.org/deploy/-/deploy-1.0.3.tgz
72 silly fetchAndShaCheck shasum ab846f5e228610054556d9b73df0b2f45af84fb0
73 verbose addTmpTarball /var/folders/2z/myhp910524dgvv053qpdt96m0000gn/T/npm-16407-303f5e79/registry.npmjs.org/deploy/-/deploy-1.0.3.tgz not in flight; adding
74 verbose addTmpTarball already have metadata; skipping unpack for deploy@1.0.3
75 silly cache afterAdd deploy@1.0.3
76 verbose afterAdd /Users/Liz/.npm/deploy/1.0.3/package/package.json not in flight; writing
77 verbose afterAdd /Users/Liz/.npm/deploy/1.0.3/package/package.json written
78 http fetch 200 https://registry.npmjs.org/ios/-/ios-0.0.1.tgz
79 silly fetchAndShaCheck shasum 4c6f774d8b0c2e9bb53c3411a6cdf00ac51dd92d
80 verbose addTmpTarball /var/folders/2z/myhp910524dgvv053qpdt96m0000gn/T/npm-16407-303f5e79/registry.npmjs.org/ios/-/ios-0.0.1.tgz not in flight; adding
81 verbose addTmpTarball already have metadata; skipping unpack for ios@0.0.1
82 silly cache afterAdd ios@0.0.1
83 verbose afterAdd /Users/Liz/.npm/ios/0.0.1/package/package.json not in flight; writing
84 verbose afterAdd /Users/Liz/.npm/ios/0.0.1/package/package.json written
85 silly install resolved [ { name: 'deploy',
85 silly install resolved     version: '1.0.3',
85 silly install resolved     description: 'tools to create setup a server for continous deployment via git push.',
85 silly install resolved     homepage: 'http://github.com/dominictarr/deploy',
85 silly install resolved     repository:
85 silly install resolved      { type: 'git',
85 silly install resolved        url: 'https://github.com/dominictarr/deploy.git' },
85 silly install resolved     dependencies: {},
85 silly install resolved     devDependencies: {},
85 silly install resolved     author:
85 silly install resolved      { name: 'Dominic Tarr',
85 silly install resolved        email: 'dominic.tarr@gmail.com',
85 silly install resolved        url: 'http://bit.ly/dominictarr' },
85 silly install resolved     bin: { deploy: 'deploy' },
85 silly install resolved     scripts: { test: 'meta-test test/*.js' },
85 silly install resolved     readme: '# deploy\n\ntools to create setup a server for continous deployment via git push.\n\n## basics\n\n``` js\nssh user@host\nnpm install -g deploy\ndeploy init simple /path/to/repo\n\n#(use absolute paths throughout)\nexit\ngit remote add deploy ssh://user@host/path/to/repo\n\n#push it real good\ngit push deploy master\n```\nAdd an executable script named `update` to the root of your project.\nIt will be executed when you push your repo!\n\n## deploy create simple|branches USER@HOST path\n\n> okay, so I also added this thing to push to multiple branches.\n> this is too complicated really, I will delete this feature...\n\ncreate a git repo on HOST at path\n\nand add a remote named `deploy` in the currect git repo.\n\nremote repos can be \'simple\' or use \'branches\'.\n\n> currently I recommend using `simple`\n\nwhen you push to a git repo it will checkout master into ./\nthen run `./update`\n\nif you use `deploy create branches ...` it will checkout \neach branch and tag into a seperate folder, and then run `./update`\n_this will be very useful for split testing!_\n\n```\n  project/\n    git/        #git stuff in here\n    master/     #master \n    tag/        #tag\n```\n\npush to your new git repo with \n\n```\ngit push deploy [branch|--tags]\n\n',
85 silly install resolved     readmeFilename: 'readme.markdown',
85 silly install resolved     _id: 'deploy@1.0.3',
85 silly install resolved     dist:
85 silly install resolved      { shasum: 'ab846f5e228610054556d9b73df0b2f45af84fb0',
85 silly install resolved        tarball: 'http://registry.npmjs.org/deploy/-/deploy-1.0.3.tgz' },
85 silly install resolved     _npmVersion: '1.1.65',
85 silly install resolved     _npmUser: { name: 'dominictarr', email: 'dominic.tarr@gmail.com' },
85 silly install resolved     maintainers: [ [Object] ],
85 silly install resolved     directories: {},
85 silly install resolved     _shasum: 'ab846f5e228610054556d9b73df0b2f45af84fb0',
85 silly install resolved     _resolved: 'https://registry.npmjs.org/deploy/-/deploy-1.0.3.tgz',
85 silly install resolved     _from: 'deploy@*' },
85 silly install resolved   { name: 'ios',
85 silly install resolved     version: '0.0.1',
85 silly install resolved     description: 'test',
85 silly install resolved     main: 'server.js',
85 silly install resolved     scripts:
85 silly install resolved      { test: 'echo "Error: no test specified" && exit 1',
85 silly install resolved        start: 'node server.js' },
85 silly install resolved     keywords: [ 'hello world' ],
85 silly install resolved     author: { name: 'xs' },
85 silly install resolved     license: 'mit',
85 silly install resolved     _id: 'ios@0.0.1',
85 silly install resolved     _shasum: '4c6f774d8b0c2e9bb53c3411a6cdf00ac51dd92d',
85 silly install resolved     _from: 'ios@*',
85 silly install resolved     _npmVersion: '1.4.9',
85 silly install resolved     _npmUser: { name: 'xiaosheng', email: 'xs.cctv@163.com' },
85 silly install resolved     maintainers: [ [Object] ],
85 silly install resolved     dist:
85 silly install resolved      { shasum: '4c6f774d8b0c2e9bb53c3411a6cdf00ac51dd92d',
85 silly install resolved        tarball: 'http://registry.npmjs.org/ios/-/ios-0.0.1.tgz' },
85 silly install resolved     directories: {},
85 silly install resolved     _resolved: 'https://registry.npmjs.org/ios/-/ios-0.0.1.tgz' } ]
86 info install deploy@1.0.3 into /usr/local/lib
87 info install ios@0.0.1 into /usr/local/lib
88 info installOne deploy@1.0.3
89 verbose installOne of deploy to /usr/local/lib not in flight; installing
90 info installOne ios@0.0.1
91 verbose installOne of ios to /usr/local/lib not in flight; installing
92 verbose lock using /Users/Liz/.npm/_locks/deploy-e73c071c9feac2eb.lock for /usr/local/lib/node_modules/deploy
93 verbose lock using /Users/Liz/.npm/_locks/ios-202b77e3e7893679.lock for /usr/local/lib/node_modules/ios
94 silly install write writing deploy 1.0.3 to /usr/local/lib/node_modules/deploy
95 silly install write writing ios 0.0.1 to /usr/local/lib/node_modules/ios
96 silly cache addNamed cb deploy@1.0.3
97 verbose unbuild lib/node_modules/deploy
98 silly cache addNamed cb ios@0.0.1
99 verbose unbuild lib/node_modules/ios
100 verbose gentlyRm vacuuming /usr/local/lib/node_modules/deploy
101 verbose gentlyRm vacuuming /usr/local/lib/node_modules/ios
102 verbose tar unpack /Users/Liz/.npm/deploy/1.0.3/package.tgz
103 verbose tar unpacking to /usr/local/lib/node_modules/deploy
104 verbose gentlyRm vacuuming /usr/local/lib/node_modules/deploy
105 verbose tar unpack /Users/Liz/.npm/ios/0.0.1/package.tgz
106 verbose tar unpacking to /usr/local/lib/node_modules/ios
107 verbose gentlyRm vacuuming /usr/local/lib/node_modules/ios
108 silly gunzTarPerm modes [ '755', '644' ]
109 silly gunzTarPerm modes [ '755', '644' ]
110 error tar.unpack untar error /Users/Liz/.npm/deploy/1.0.3/package.tgz
111 error tar.unpack untar error /Users/Liz/.npm/ios/0.0.1/package.tgz
112 verbose unlock done using /Users/Liz/.npm/_locks/deploy-e73c071c9feac2eb.lock for /usr/local/lib/node_modules/deploy
113 verbose unlock done using /Users/Liz/.npm/_locks/ios-202b77e3e7893679.lock for /usr/local/lib/node_modules/ios
114 verbose fstream_path /usr/local/lib/node_modules/deploy
115 verbose fstream_type Directory
116 verbose fstream_class DirWriter
117 verbose stack Error: EACCES, mkdir '/usr/local/lib/node_modules/deploy'
117 verbose stack     at Error (native)
118 verbose fstream_stack /usr/local/lib/node_modules/npm/node_modules/fstream/lib/dir-writer.js:36:23
118 verbose fstream_stack /usr/local/lib/node_modules/npm/node_modules/mkdirp/index.js:46:53
118 verbose fstream_stack FSReqWrap.oncomplete (fs.js:99:15)
119 verbose cwd /Users/Liz/development/ionicTest
120 error Darwin 13.3.0
121 error argv "node" "/usr/local/bin/npm" "install" "-g" "ios" "deploy"
122 error node v0.12.0
123 error npm  v2.5.1
124 error path /usr/local/lib/node_modules/deploy
125 error code EACCES
126 error errno -13
127 error Error: EACCES, mkdir '/usr/local/lib/node_modules/deploy'
127 error     at Error (native)
127 error  { [Error: EACCES, mkdir '/usr/local/lib/node_modules/deploy']
127 error   errno: -13,
127 error   code: 'EACCES',
127 error   path: '/usr/local/lib/node_modules/deploy',
127 error   fstream_type: 'Directory',
127 error   fstream_path: '/usr/local/lib/node_modules/deploy',
127 error   fstream_class: 'DirWriter',
127 error   fstream_stack:
127 error    [ '/usr/local/lib/node_modules/npm/node_modules/fstream/lib/dir-writer.js:36:23',
127 error      '/usr/local/lib/node_modules/npm/node_modules/mkdirp/index.js:46:53',
127 error      'FSReqWrap.oncomplete (fs.js:99:15)' ] }
128 error Please try running this command again as root/Administrator.
129 verbose exit [ -13, true ]
130 verbose unbuild lib/node_modules/deploy
131 verbose gentlyRm vacuuming /usr/local/lib/node_modules/deploy
132 verbose unbuild lib/node_modules/ios
133 verbose gentlyRm vacuuming /usr/local/lib/node_modules/ios
